{"/Users/ethanarrowood/Documents/Wentworth/Semesters/Spring2019/NetworkProgramming/tcp-group-chat/src/CommandProcessor.js": {"path":"/Users/ethanarrowood/Documents/Wentworth/Semesters/Spring2019/NetworkProgramming/tcp-group-chat/src/CommandProcessor.js","statementMap":{"0":{"start":{"line":1,"column":15},"end":{"line":1,"column":32}},"1":{"start":{"line":2,"column":27},"end":{"line":2,"column":58}},"2":{"start":{"line":4,"column":26},"end":{"line":18,"column":1}},"3":{"start":{"line":6,"column":4},"end":{"line":6,"column":67}},"4":{"start":{"line":8,"column":4},"end":{"line":10,"column":5}},"5":{"start":{"line":9,"column":6},"end":{"line":9,"column":70}},"6":{"start":{"line":9,"column":23},"end":{"line":9,"column":70}},"7":{"start":{"line":20,"column":25},"end":{"line":35,"column":2}},"8":{"start":{"line":22,"column":4},"end":{"line":33,"column":5}},"9":{"start":{"line":23,"column":6},"end":{"line":28,"column":7}},"10":{"start":{"line":24,"column":8},"end":{"line":24,"column":109}},"11":{"start":{"line":25,"column":8},"end":{"line":25,"column":76}},"12":{"start":{"line":26,"column":8},"end":{"line":26,"column":69}},"13":{"start":{"line":27,"column":8},"end":{"line":27,"column":38}},"14":{"start":{"line":30,"column":6},"end":{"line":32,"column":7}},"15":{"start":{"line":31,"column":8},"end":{"line":31,"column":44}},"16":{"start":{"line":37,"column":0},"end":{"line":37,"column":33}}},"fnMap":{"0":{"name":"(anonymous_0)","decl":{"start":{"line":5,"column":2},"end":{"line":5,"column":3}},"loc":{"start":{"line":5,"column":27},"end":{"line":11,"column":3}},"line":5},"1":{"name":"(anonymous_1)","decl":{"start":{"line":12,"column":2},"end":{"line":12,"column":3}},"loc":{"start":{"line":12,"column":13},"end":{"line":12,"column":15}},"line":12},"2":{"name":"(anonymous_2)","decl":{"start":{"line":13,"column":2},"end":{"line":13,"column":3}},"loc":{"start":{"line":13,"column":16},"end":{"line":13,"column":18}},"line":13},"3":{"name":"(anonymous_3)","decl":{"start":{"line":14,"column":2},"end":{"line":14,"column":3}},"loc":{"start":{"line":14,"column":10},"end":{"line":14,"column":12}},"line":14},"4":{"name":"(anonymous_4)","decl":{"start":{"line":15,"column":2},"end":{"line":15,"column":3}},"loc":{"start":{"line":15,"column":10},"end":{"line":15,"column":12}},"line":15},"5":{"name":"(anonymous_5)","decl":{"start":{"line":16,"column":2},"end":{"line":16,"column":3}},"loc":{"start":{"line":16,"column":11},"end":{"line":16,"column":13}},"line":16},"6":{"name":"(anonymous_6)","decl":{"start":{"line":17,"column":2},"end":{"line":17,"column":3}},"loc":{"start":{"line":17,"column":12},"end":{"line":17,"column":14}},"line":17},"7":{"name":"(anonymous_7)","decl":{"start":{"line":21,"column":2},"end":{"line":21,"column":3}},"loc":{"start":{"line":21,"column":13},"end":{"line":34,"column":3}},"line":21},"8":{"name":"(anonymous_8)","decl":{"start":{"line":23,"column":13},"end":{"line":23,"column":14}},"loc":{"start":{"line":23,"column":42},"end":{"line":28,"column":7}},"line":23},"9":{"name":"(anonymous_9)","decl":{"start":{"line":30,"column":13},"end":{"line":30,"column":14}},"loc":{"start":{"line":30,"column":19},"end":{"line":32,"column":7}},"line":30}},"branchMap":{"0":{"loc":{"start":{"line":9,"column":6},"end":{"line":9,"column":70}},"type":"if","locations":[{"start":{"line":9,"column":6},"end":{"line":9,"column":70}},{"start":{"line":9,"column":6},"end":{"line":9,"column":70}}],"line":9},"1":{"loc":{"start":{"line":22,"column":4},"end":{"line":33,"column":5}},"type":"if","locations":[{"start":{"line":22,"column":4},"end":{"line":33,"column":5}},{"start":{"line":22,"column":4},"end":{"line":33,"column":5}}],"line":22}},"s":{"0":1,"1":1,"2":1,"3":2,"4":1,"5":0,"6":0,"7":1,"8":14,"9":12,"10":5,"11":4,"12":3,"13":2,"14":2,"15":1,"16":1},"f":{"0":2,"1":0,"2":0,"3":0,"4":0,"5":0,"6":0,"7":14,"8":5,"9":1},"b":{"0":[0,0],"1":[12,2]},"_coverageSchema":"43e27e138ebf9cfc5966b082cf9a028302ed4184","hash":"31360239cfcdb4dfb338509c4f4dbfce42ca2d12"}
,"/Users/ethanarrowood/Documents/Wentworth/Semesters/Spring2019/NetworkProgramming/tcp-group-chat/src/IterableCollection.js": {"path":"/Users/ethanarrowood/Documents/Wentworth/Semesters/Spring2019/NetworkProgramming/tcp-group-chat/src/IterableCollection.js","statementMap":{"0":{"start":{"line":9,"column":4},"end":{"line":9,"column":15}},"1":{"start":{"line":17,"column":12},"end":{"line":17,"column":13}},"2":{"start":{"line":18,"column":4},"end":{"line":20,"column":5}},"3":{"start":{"line":18,"column":17},"end":{"line":18,"column":18}},"4":{"start":{"line":19,"column":6},"end":{"line":19,"column":37}},"5":{"start":{"line":19,"column":34},"end":{"line":19,"column":37}},"6":{"start":{"line":21,"column":4},"end":{"line":21,"column":12}},"7":{"start":{"line":29,"column":4},"end":{"line":29,"column":20}},"8":{"start":{"line":40,"column":14},"end":{"line":40,"column":29}},"9":{"start":{"line":41,"column":4},"end":{"line":41,"column":18}},"10":{"start":{"line":42,"column":4},"end":{"line":42,"column":12}},"11":{"start":{"line":54,"column":12},"end":{"line":54,"column":13}},"12":{"start":{"line":55,"column":4},"end":{"line":57,"column":5}},"13":{"start":{"line":56,"column":6},"end":{"line":56,"column":59}},"14":{"start":{"line":56,"column":34},"end":{"line":56,"column":59}},"15":{"start":{"line":67,"column":0},"end":{"line":67,"column":35}}},"fnMap":{"0":{"name":"(anonymous_0)","decl":{"start":{"line":8,"column":2},"end":{"line":8,"column":3}},"loc":{"start":{"line":8,"column":17},"end":{"line":10,"column":3}},"line":8},"1":{"name":"(anonymous_1)","decl":{"start":{"line":16,"column":2},"end":{"line":16,"column":3}},"loc":{"start":{"line":16,"column":12},"end":{"line":22,"column":3}},"line":16},"2":{"name":"(anonymous_2)","decl":{"start":{"line":28,"column":2},"end":{"line":28,"column":3}},"loc":{"start":{"line":28,"column":14},"end":{"line":30,"column":3}},"line":28},"3":{"name":"(anonymous_3)","decl":{"start":{"line":39,"column":2},"end":{"line":39,"column":3}},"loc":{"start":{"line":39,"column":13},"end":{"line":43,"column":3}},"line":39},"4":{"name":"(anonymous_4)","decl":{"start":{"line":53,"column":2},"end":{"line":53,"column":3}},"loc":{"start":{"line":53,"column":25},"end":{"line":58,"column":3}},"line":53}},"branchMap":{"0":{"loc":{"start":{"line":19,"column":6},"end":{"line":19,"column":37}},"type":"if","locations":[{"start":{"line":19,"column":6},"end":{"line":19,"column":37}},{"start":{"line":19,"column":6},"end":{"line":19,"column":37}}],"line":19},"1":{"loc":{"start":{"line":56,"column":6},"end":{"line":56,"column":59}},"type":"if","locations":[{"start":{"line":56,"column":6},"end":{"line":56,"column":59}},{"start":{"line":56,"column":6},"end":{"line":56,"column":59}}],"line":56}},"s":{"0":9,"1":0,"2":0,"3":0,"4":0,"5":0,"6":0,"7":5,"8":0,"9":0,"10":0,"11":3,"12":3,"13":4,"14":4,"15":2},"f":{"0":9,"1":0,"2":5,"3":0,"4":3},"b":{"0":[0,0],"1":[4,0]},"_coverageSchema":"43e27e138ebf9cfc5966b082cf9a028302ed4184","hash":"65c33a4bf2407df4825ff4168fe4a7e26692f012"}
}
