TN:
SF:/Users/ethanarrowood/Documents/Wentworth/Semesters/Spring2019/NetworkProgramming/tcp-group-chat/src/CommandProcessor.js
FN:5,(anonymous_0)
FN:12,(anonymous_1)
FN:13,(anonymous_2)
FN:14,(anonymous_3)
FN:15,(anonymous_4)
FN:16,(anonymous_5)
FN:17,(anonymous_6)
FN:21,(anonymous_7)
FN:23,(anonymous_8)
FN:30,(anonymous_9)
FNF:10
FNH:4
FNDA:2,(anonymous_0)
FNDA:0,(anonymous_1)
FNDA:0,(anonymous_2)
FNDA:0,(anonymous_3)
FNDA:0,(anonymous_4)
FNDA:0,(anonymous_5)
FNDA:0,(anonymous_6)
FNDA:14,(anonymous_7)
FNDA:5,(anonymous_8)
FNDA:1,(anonymous_9)
DA:1,1
DA:2,1
DA:4,1
DA:6,2
DA:8,1
DA:9,0
DA:20,1
DA:22,14
DA:23,12
DA:24,5
DA:25,4
DA:26,3
DA:27,2
DA:30,2
DA:31,1
DA:37,1
LF:16
LH:15
BRDA:9,0,0,0
BRDA:9,0,1,0
BRDA:22,1,0,12
BRDA:22,1,1,2
BRF:4
BRH:2
end_of_record
TN:
SF:/Users/ethanarrowood/Documents/Wentworth/Semesters/Spring2019/NetworkProgramming/tcp-group-chat/src/IterableCollection.js
FN:8,(anonymous_0)
FN:16,(anonymous_1)
FN:28,(anonymous_2)
FN:39,(anonymous_3)
FN:53,(anonymous_4)
FNF:5
FNH:3
FNDA:9,(anonymous_0)
FNDA:0,(anonymous_1)
FNDA:5,(anonymous_2)
FNDA:0,(anonymous_3)
FNDA:3,(anonymous_4)
DA:9,9
DA:17,0
DA:18,0
DA:19,0
DA:21,0
DA:29,5
DA:40,0
DA:41,0
DA:42,0
DA:54,3
DA:55,3
DA:56,4
DA:67,2
LF:13
LH:6
BRDA:19,0,0,0
BRDA:19,0,1,0
BRDA:56,1,0,4
BRDA:56,1,1,0
BRF:4
BRH:1
end_of_record
