<?xml version="1.0" encoding="UTF-8"?>
<coverage generated="1549740431308" clover="3.2.0">
  <project timestamp="1549740431309" name="All files">
    <metrics statements="26" coveredstatements="21" conditionals="8" coveredconditionals="3" methods="15" coveredmethods="7" elements="49" coveredelements="31" complexity="0" loc="26" ncloc="26" packages="1" files="2" classes="2"/>
    <file name="CommandProcessor.js" path="/Users/ethanarrowood/Documents/Wentworth/Semesters/Spring2019/NetworkProgramming/tcp-group-chat/src/CommandProcessor.js">
      <metrics statements="16" coveredstatements="15" conditionals="4" coveredconditionals="2" methods="10" coveredmethods="4"/>
      <line num="1" count="1" type="stmt"/>
      <line num="2" count="1" type="stmt"/>
      <line num="4" count="1" type="stmt"/>
      <line num="6" count="2" type="stmt"/>
      <line num="8" count="1" type="stmt"/>
      <line num="9" count="0" type="cond" truecount="0" falsecount="2"/>
      <line num="20" count="1" type="stmt"/>
      <line num="22" count="14" type="cond" truecount="2" falsecount="0"/>
      <line num="23" count="12" type="stmt"/>
      <line num="24" count="5" type="stmt"/>
      <line num="25" count="4" type="stmt"/>
      <line num="26" count="3" type="stmt"/>
      <line num="27" count="2" type="stmt"/>
      <line num="30" count="2" type="stmt"/>
      <line num="31" count="1" type="stmt"/>
      <line num="37" count="1" type="stmt"/>
    </file>
    <file name="IterableCollection.js" path="/Users/ethanarrowood/Documents/Wentworth/Semesters/Spring2019/NetworkProgramming/tcp-group-chat/src/IterableCollection.js">
      <metrics statements="10" coveredstatements="6" conditionals="4" coveredconditionals="1" methods="5" coveredmethods="3"/>
      <line num="1" count="2" type="stmt"/>
      <line num="3" count="9" type="stmt"/>
      <line num="7" count="0" type="stmt"/>
      <line num="8" count="0" type="stmt"/>
      <line num="9" count="0" type="cond" truecount="0" falsecount="2"/>
      <line num="11" count="0" type="stmt"/>
      <line num="15" count="5" type="stmt"/>
      <line num="21" count="3" type="stmt"/>
      <line num="22" count="3" type="stmt"/>
      <line num="23" count="4" type="cond" truecount="1" falsecount="1"/>
    </file>
  </project>
</coverage>
