TN:
SF:/Users/ethanarrowood/Documents/Wentworth/Semesters/Spring2019/NetworkProgramming/tcp-group-chat/src/CommandProcessor.js
FN:5,(anonymous_0)
FN:12,(anonymous_1)
FN:13,(anonymous_2)
FN:14,(anonymous_3)
FN:15,(anonymous_4)
FN:16,(anonymous_5)
FN:17,(anonymous_6)
FN:21,(anonymous_7)
FN:23,(anonymous_8)
FN:30,(anonymous_9)
FNF:10
FNH:4
FNDA:2,(anonymous_0)
FNDA:0,(anonymous_1)
FNDA:0,(anonymous_2)
FNDA:0,(anonymous_3)
FNDA:0,(anonymous_4)
FNDA:0,(anonymous_5)
FNDA:0,(anonymous_6)
FNDA:14,(anonymous_7)
FNDA:5,(anonymous_8)
FNDA:1,(anonymous_9)
DA:1,1
DA:2,1
DA:4,1
DA:6,2
DA:8,1
DA:9,0
DA:20,1
DA:22,14
DA:23,12
DA:24,5
DA:25,4
DA:26,3
DA:27,2
DA:30,2
DA:31,1
DA:37,1
LF:16
LH:15
BRDA:9,0,0,0
BRDA:9,0,1,0
BRDA:22,1,0,12
BRDA:22,1,1,2
BRF:4
BRH:2
end_of_record
TN:
SF:/Users/ethanarrowood/Documents/Wentworth/Semesters/Spring2019/NetworkProgramming/tcp-group-chat/src/IterableCollection.js
FN:2,(anonymous_0)
FN:6,(anonymous_1)
FN:14,(anonymous_2)
FN:18,(anonymous_3)
FN:20,(anonymous_4)
FNF:5
FNH:3
FNDA:9,(anonymous_0)
FNDA:0,(anonymous_1)
FNDA:5,(anonymous_2)
FNDA:0,(anonymous_3)
FNDA:3,(anonymous_4)
DA:1,2
DA:3,9
DA:7,0
DA:8,0
DA:9,0
DA:11,0
DA:15,5
DA:21,3
DA:22,3
DA:23,4
LF:10
LH:6
BRDA:9,0,0,0
BRDA:9,0,1,0
BRDA:23,1,0,4
BRDA:23,1,1,0
BRF:4
BRH:1
end_of_record
